{
  "RSpec": {
    "coverage": {
      "/home/nikolay/work/ruby_garage/angular/todo-list/todo-list-angular/config/environment.rb": [
        null,
        1,
        null,
        null,
        1
      ],
      "/home/nikolay/work/ruby_garage/angular/todo-list/todo-list-angular/config/application.rb": [
        1,
        null,
        1,
        null,
        null,
        null,
        1,
        null,
        1,
        1,
        1,
        null,
        1,
        null,
        1,
        0,
        null,
        null,
        null,
        null,
        null,
        null,
        null,
        null,
        null,
        null,
        null,
        null,
        null,
        null,
        null,
        null,
        null,
        null,
        1,
        null,
        null
      ],
      "/home/nikolay/work/ruby_garage/angular/todo-list/todo-list-angular/config/boot.rb": [
        1,
        null,
        1
      ],
      "/home/nikolay/work/ruby_garage/angular/todo-list/todo-list-angular/config/environments/test.rb": [
        1,
        null,
        null,
        null,
        null,
        null,
        null,
        1,
        null,
        null,
        null,
        null,
        1,
        null,
        null,
        1,
        1,
        null,
        null,
        1,
        1,
        null,
        null,
        1,
        null,
        null,
        1,
        null,
        null,
        null,
        null,
        1,
        null,
        null,
        1,
        null,
        null,
        1,
        null,
        null,
        null,
        null
      ],
      "/home/nikolay/work/ruby_garage/angular/todo-list/todo-list-angular/config/initializers/active_model_serializers.rb": [
        1,
        null,
        1,
        null,
        null,
        1,
        null
      ],
      "/home/nikolay/work/ruby_garage/angular/todo-list/todo-list-angular/config/initializers/assets.rb": [
        null,
        null,
        null,
        1,
        null,
        null,
        null,
        null,
        null,
        null,
        null
      ],
      "/home/nikolay/work/ruby_garage/angular/todo-list/todo-list-angular/config/initializers/backtrace_silencers.rb": [
        null,
        null,
        null,
        null,
        null,
        null,
        null
      ],
      "/home/nikolay/work/ruby_garage/angular/todo-list/todo-list-angular/config/initializers/bower_rails.rb": [
        1,
        null,
        null,
        null,
        null,
        1,
        null,
        null,
        null,
        null,
        null,
        null,
        null,
        null,
        null,
        null,
        null,
        null,
        null
      ],
      "/home/nikolay/work/ruby_garage/angular/todo-list/todo-list-angular/config/initializers/cookies_serializer.rb": [
        null,
        null,
        1
      ],
      "/home/nikolay/work/ruby_garage/angular/todo-list/todo-list-angular/config/initializers/devise_token_auth.rb": [
        1,
        null,
        null,
        null,
        null,
        1,
        null,
        null,
        null,
        null,
        null,
        null,
        null,
        null,
        null,
        null,
        null,
        null,
        null,
        null,
        null,
        null,
        null,
        null,
        null,
        null,
        null,
        null,
        null,
        null,
        null,
        null,
        null,
        null,
        null,
        null,
        null
      ],
      "/home/nikolay/work/ruby_garage/angular/todo-list/todo-list-angular/config/initializers/filter_parameter_logging.rb": [
        null,
        null,
        null,
        1
      ],
      "/home/nikolay/work/ruby_garage/angular/todo-list/todo-list-angular/config/initializers/inflections.rb": [
        null,
        null,
        null,
        null,
        null,
        null,
        null,
        null,
        null,
        null,
        null,
        null,
        null,
        null,
        null,
        null
      ],
      "/home/nikolay/work/ruby_garage/angular/todo-list/todo-list-angular/config/initializers/mime_types.rb": [
        null,
        null,
        null,
        null
      ],
      "/home/nikolay/work/ruby_garage/angular/todo-list/todo-list-angular/config/initializers/omniauth.rb": [
        1,
        1,
        null
      ],
      "/home/nikolay/work/ruby_garage/angular/todo-list/todo-list-angular/config/initializers/session_store.rb": [
        null,
        null,
        1
      ],
      "/home/nikolay/work/ruby_garage/angular/todo-list/todo-list-angular/config/initializers/wrap_parameters.rb": [
        null,
        null,
        null,
        null,
        null,
        null,
        1,
        1,
        null,
        null,
        null,
        null,
        null,
        null
      ],
      "/home/nikolay/work/ruby_garage/angular/todo-list/todo-list-angular/config/routes.rb": [
        1,
        1,
        null,
        1,
        null,
        1,
        null,
        1,
        1,
        1,
        null,
        null,
        1,
        1,
        null,
        null,
        1,
        1,
        null,
        null,
        null,
        null,
        null,
        null,
        null,
        null,
        null,
        null,
        null,
        null,
        null,
        null,
        null,
        null,
        null,
        null,
        null,
        null,
        null,
        null,
        null,
        null,
        null,
        null,
        null,
        null,
        null,
        null,
        null,
        null,
        null,
        null,
        null,
        null,
        null,
        null,
        null,
        null,
        null,
        null,
        null,
        null,
        null,
        null,
        null,
        null,
        null,
        null,
        null,
        null,
        null,
        null,
        null,
        null,
        null,
        null
      ],
      "/home/nikolay/work/ruby_garage/angular/todo-list/todo-list-angular/app/models/user.rb": [
        1,
        null,
        1,
        null,
        null,
        1,
        null,
        1,
        null
      ],
      "/home/nikolay/work/ruby_garage/angular/todo-list/todo-list-angular/app/helpers/application_helper.rb": [
        1,
        null
      ],
      "/home/nikolay/work/ruby_garage/angular/todo-list/todo-list-angular/app/controllers/api/v1/attachments_controller.rb": [
        1,
        1,
        1,
        1,
        1,
        1,
        null,
        1,
        2,
        null,
        null,
        1,
        null,
        1,
        5,
        null,
        null,
        null,
        null
      ],
      "/home/nikolay/work/ruby_garage/angular/todo-list/todo-list-angular/app/controllers/application_controller.rb": [
        1,
        1,
        null,
        null,
        null,
        1,
        null,
        1,
        17,
        null,
        null,
        1,
        12,
        null,
        null,
        null
      ],
      "/home/nikolay/work/ruby_garage/angular/todo-list/todo-list-angular/app/controllers/api/v1/comments_controller.rb": [
        1,
        1,
        1,
        1,
        1,
        1,
        null,
        1,
        2,
        null,
        null,
        1,
        1,
        null,
        null,
        1,
        null,
        1,
        5,
        null,
        null,
        null,
        null
      ],
      "/home/nikolay/work/ruby_garage/angular/todo-list/todo-list-angular/app/controllers/api/v1/projects_controller.rb": [
        1,
        1,
        1,
        1,
        1,
        null,
        1,
        29,
        null,
        null,
        1,
        3,
        null,
        null,
        1,
        2,
        null,
        null,
        1,
        2,
        null,
        null,
        1,
        null,
        1,
        11,
        null,
        null,
        null,
        null
      ],
      "/home/nikolay/work/ruby_garage/angular/todo-list/todo-list-angular/app/controllers/api/v1/tasks_controller.rb": [
        1,
        1,
        1,
        1,
        1,
        1,
        null,
        1,
        2,
        null,
        null,
        1,
        3,
        null,
        null,
        1,
        2,
        null,
        null,
        1,
        null,
        1,
        8,
        null,
        null,
        null,
        null
      ],
      "/home/nikolay/work/ruby_garage/angular/todo-list/todo-list-angular/app/models/ability.rb": [
        1,
        1,
        null,
        1,
        44,
        38,
        38,
        38,
        38,
        null,
        null,
        null
      ],
      "/home/nikolay/work/ruby_garage/angular/todo-list/todo-list-angular/app/models/attachment.rb": [
        1,
        1,
        null,
        1,
        null,
        1,
        null
      ],
      "/home/nikolay/work/ruby_garage/angular/todo-list/todo-list-angular/app/uploaders/file_uploader.rb": [
        null,
        null,
        1,
        null,
        null,
        null,
        null,
        null,
        null,
        1,
        null,
        null,
        null,
        null,
        1,
        6,
        null,
        null,
        null,
        null,
        null,
        null,
        null,
        null,
        null,
        null,
        null,
        null,
        null,
        null,
        null,
        null,
        null,
        null,
        null,
        null,
        null,
        null,
        null,
        null,
        null,
        null,
        null,
        null,
        null,
        null,
        null,
        null,
        null,
        null,
        null
      ],
      "/home/nikolay/work/ruby_garage/angular/todo-list/todo-list-angular/app/models/comment.rb": [
        1,
        1,
        null,
        1,
        null,
        1,
        null
      ],
      "/home/nikolay/work/ruby_garage/angular/todo-list/todo-list-angular/app/models/project.rb": [
        1,
        1,
        null,
        1,
        null,
        1,
        null,
        null
      ],
      "/home/nikolay/work/ruby_garage/angular/todo-list/todo-list-angular/app/models/task.rb": [
        1,
        1,
        null,
        1,
        null,
        1,
        null,
        175,
        null
      ],
      "/home/nikolay/work/ruby_garage/angular/todo-list/todo-list-angular/app/serializers/project_serializer.rb": [
        1,
        1,
        null,
        1,
        null
      ],
      "/home/nikolay/work/ruby_garage/angular/todo-list/todo-list-angular/app/serializers/task_serializer.rb": [
        1,
        1,
        null,
        1,
        null
      ],
      "/home/nikolay/work/ruby_garage/angular/todo-list/todo-list-angular/app/serializers/comment_serializer.rb": [
        1,
        1,
        null,
        1,
        null
      ]
    },
    "timestamp": 1459777601
  }
}
